\BOOKMARK [1][-]{section.1}{Introduction}{}% 1
\BOOKMARK [2][-]{subsection.1.1}{Related Work}{section.1}% 2
\BOOKMARK [2][-]{subsection.1.2}{Objectives}{section.1}% 3
\BOOKMARK [2][-]{subsection.1.3}{Article Structure}{section.1}% 4
\BOOKMARK [1][-]{section.2}{Estimation Formulation}{}% 5
\BOOKMARK [2][-]{subsection.2.1}{System Setup}{section.2}% 6
\BOOKMARK [2][-]{subsection.2.2}{State Definition}{section.2}% 7
\BOOKMARK [2][-]{subsection.2.3}{Noise and Friction}{section.2}% 8
\BOOKMARK [2][-]{subsection.2.4}{Global Coordinate Frame}{section.2}% 9
\BOOKMARK [2][-]{subsection.2.5}{Other Considerations}{section.2}% 10
\BOOKMARK [1][-]{section.3}{Model Derivation}{}% 11
\BOOKMARK [2][-]{subsection.3.1}{Equations of Motion}{section.3}% 12
\BOOKMARK [2][-]{subsection.3.2}{Continues-Time, Nonlinear Model}{section.3}% 13
\BOOKMARK [2][-]{subsection.3.3}{Optimal Control}{section.3}% 14
\BOOKMARK [2][-]{subsection.3.4}{Linearization}{section.3}% 15
\BOOKMARK [2][-]{subsection.3.5}{Discrete, Linear Model}{section.3}% 16
\BOOKMARK [2][-]{subsection.3.6}{General Time-Invariant Cost Function and Linear Quadratic Regulator SolutionLQR}{section.3}% 17
\BOOKMARK [1][-]{section.4}{Simulations and Results}{}% 18
\BOOKMARK [1][-]{section.5}{Conclusion}{}% 19
\BOOKMARK [1][-]{section*.2}{References}{}% 20
